#
# There is insufficient memory for the Java Runtime Environment to continue.
# Native memory allocation (mmap) failed to map 37748736 bytes for G1 virtual space
# Possible reasons:
#   The system is out of physical RAM or swap space
#   The process is running with CompressedOops enabled, and the Java Heap may be blocking the growth of the native heap
# Possible solutions:
#   Reduce memory load on the system
#   Increase physical memory or swap space
#   Check if swap backing store is full
#   Decrease Java heap size (-Xmx/-Xms)
#   Decrease number of Java threads
#   Decrease Java thread stack sizes (-Xss)
#   Set larger code cache with -XX:ReservedCodeCacheSize=
#   JVM is running with Zero Based Compressed Oops mode in which the Java heap is
#     placed in the first 32GB address space. The Java Heap base address is the
#     maximum limit for the native heap growth. Please use -XX:HeapBaseMinAddress
#     to set the Java Heap base and to place the Java Heap above 32GB virtual address.
# This output file may be truncated or incomplete.
#
#  Out of Memory Error (os_windows.cpp:3771), pid=26568, tid=10032
#
# JRE version: OpenJDK Runtime Environment (17.0.7) (build 17.0.7+0-b2043.56-10550314)
# Java VM: OpenJDK 64-Bit Server VM (17.0.7+0-b2043.56-10550314, mixed mode, tiered, compressed oops, compressed class ptrs, g1 gc, windows-amd64)
# No core dump will be written. Minidumps are not enabled by default on client versions of Windows
#

---------------  S U M M A R Y ------------

Command Line: org.jetbrains.kotlin.cli.jvm.K2JVMCompiler @C:\Users\ahmet\Documents\Android Studio Projects\TestJetpackComposeProject\app\build\20241027_15996750972358746524.compiler.options

Host: 11th Gen Intel(R) Core(TM) i5-1135G7 @ 2.40GHz, 8 cores, 15G,  Windows 11 , 64 bit Build 22621 (10.0.22621.3958)
Time: Sun Oct 27 17:14:19 2024 Central European Standard Time elapsed time: 13.451599 seconds (0d 0h 0m 13s)

---------------  T H R E A D  ---------------

Current thread (0x00000204f6829790):  VMThread "VM Thread" [stack: 0x00000028a0600000,0x00000028a0700000] [id=10032]

Stack: [0x00000028a0600000,0x00000028a0700000]
Native frames: (J=compiled Java code, j=interpreted, Vv=VM code, C=native code)
V  [jvm.dll+0x683bfa]
V  [jvm.dll+0x8430a4]
V  [jvm.dll+0x8449be]
V  [jvm.dll+0x845023]
V  [jvm.dll+0x24ad2f]
V  [jvm.dll+0x680ac9]
V  [jvm.dll+0x67519a]
V  [jvm.dll+0x30b3cb]
V  [jvm.dll+0x312876]
V  [jvm.dll+0x36221e]
V  [jvm.dll+0x36244f]
V  [jvm.dll+0x2e14a8]
V  [jvm.dll+0x2df684]
V  [jvm.dll+0x2dec8c]
V  [jvm.dll+0x32382b]
V  [jvm.dll+0x8496eb]
V  [jvm.dll+0x84a424]
V  [jvm.dll+0x84a93d]
V  [jvm.dll+0x84ad14]
V  [jvm.dll+0x84ade0]
V  [jvm.dll+0x7f2aea]
V  [jvm.dll+0x682a35]
C  [ucrtbase.dll+0x29333]
C  [KERNEL32.DLL+0x1257d]
C  [ntdll.dll+0x5af08]

VM_Operation (0x00000028a00fd1b0): G1CollectForAllocation, mode: safepoint, requested by thread 0x00000204d5fadff0


---------------  P R O C E S S  ---------------

Threads class SMR info:
_java_thread_list=0x00000204fd59e890, length=14, elements={
0x00000204d5fadff0, 0x00000204f69a6040, 0x00000204f69a6b00, 0x00000204f69f7a20,
0x00000204f69fa4f0, 0x00000204f69fceb0, 0x00000204f6a11010, 0x00000204f6a119b0,
0x00000204f6a1aa70, 0x00000204f6a219b0, 0x00000204f6baaf90, 0x00000204f6bb1480,
0x00000204fb30ff20, 0x00000204fba17cb0
}

Java Threads: ( => current thread )
  0x00000204d5fadff0 JavaThread "main" [_thread_blocked, id=31620, stack(0x00000028a0000000,0x00000028a0100000)]
  0x00000204f69a6040 JavaThread "Reference Handler" daemon [_thread_blocked, id=31924, stack(0x00000028a0700000,0x00000028a0800000)]
  0x00000204f69a6b00 JavaThread "Finalizer" daemon [_thread_blocked, id=5284, stack(0x00000028a0800000,0x00000028a0900000)]
  0x00000204f69f7a20 JavaThread "Signal Dispatcher" daemon [_thread_blocked, id=12620, stack(0x00000028a0a00000,0x00000028a0b00000)]
  0x00000204f69fa4f0 JavaThread "Attach Listener" daemon [_thread_blocked, id=8840, stack(0x00000028a0b00000,0x00000028a0c00000)]
  0x00000204f69fceb0 JavaThread "Service Thread" daemon [_thread_blocked, id=356, stack(0x00000028a0c00000,0x00000028a0d00000)]
  0x00000204f6a11010 JavaThread "Monitor Deflation Thread" daemon [_thread_blocked, id=15676, stack(0x00000028a0d00000,0x00000028a0e00000)]
  0x00000204f6a119b0 JavaThread "C2 CompilerThread0" daemon [_thread_blocked, id=15928, stack(0x00000028a0e00000,0x00000028a0f00000)]
  0x00000204f6a1aa70 JavaThread "C1 CompilerThread0" daemon [_thread_blocked, id=28104, stack(0x00000028a0f00000,0x00000028a1000000)]
  0x00000204f6a219b0 JavaThread "Sweeper thread" daemon [_thread_blocked, id=12652, stack(0x00000028a1000000,0x00000028a1100000)]
  0x00000204f6baaf90 JavaThread "Notification Thread" daemon [_thread_blocked, id=33396, stack(0x00000028a1100000,0x00000028a1200000)]
  0x00000204f6bb1480 JavaThread "Common-Cleaner" daemon [_thread_blocked, id=26616, stack(0x00000028a1300000,0x00000028a1400000)]
  0x00000204fb30ff20 JavaThread "C2 CompilerThread1" daemon [_thread_blocked, id=30708, stack(0x00000028a1900000,0x00000028a1a00000)]
  0x00000204fba17cb0 JavaThread "C2 CompilerThread2" daemon [_thread_blocked, id=15348, stack(0x00000028a1d00000,0x00000028a1e00000)]

Other Threads:
=>0x00000204f6829790 VMThread "VM Thread" [stack: 0x00000028a0600000,0x00000028a0700000] [id=10032]
  0x00000204f6b133f0 WatcherThread [stack: 0x00000028a1200000,0x00000028a1300000] [id=12228]
  0x00000204d80beb80 GCTaskThread "GC Thread#0" [stack: 0x00000028a0100000,0x00000028a0200000] [id=32340]
  0x00000204f6d2a300 GCTaskThread "GC Thread#1" [stack: 0x00000028a1400000,0x00000028a1500000] [id=6512]
  0x00000204fb2c71e0 GCTaskThread "GC Thread#2" [stack: 0x00000028a1500000,0x00000028a1600000] [id=18772]
  0x00000204fb2c7490 GCTaskThread "GC Thread#3" [stack: 0x00000028a1600000,0x00000028a1700000] [id=30252]
  0x00000204fb380420 GCTaskThread "GC Thread#4" [stack: 0x00000028a1700000,0x00000028a1800000] [id=3140]
  0x00000204fb3806d0 GCTaskThread "GC Thread#5" [stack: 0x00000028a1800000,0x00000028a1900000] [id=17460]
  0x00000204fbd45880 GCTaskThread "GC Thread#6" [stack: 0x00000028a1a00000,0x00000028a1b00000] [id=15964]
  0x00000204fbd44dc0 GCTaskThread "GC Thread#7" [stack: 0x00000028a1b00000,0x00000028a1c00000] [id=10156]
  0x00000204d80cf610 ConcurrentGCThread "G1 Main Marker" [stack: 0x00000028a0200000,0x00000028a0300000] [id=13580]
  0x00000204d80d0020 ConcurrentGCThread "G1 Conc#0" [stack: 0x00000028a0300000,0x00000028a0400000] [id=25276]
  0x00000204fbd45320 ConcurrentGCThread "G1 Conc#1" [stack: 0x00000028a1c00000,0x00000028a1d00000] [id=32464]
  0x00000204d810e570 ConcurrentGCThread "G1 Refine#0" [stack: 0x00000028a0400000,0x00000028a0500000] [id=29204]
  0x00000204fbb82d20 ConcurrentGCThread "G1 Refine#1" [stack: 0x00000028a1e00000,0x00000028a1f00000] [id=27568]
  0x00000204f66da120 ConcurrentGCThread "G1 Service" [stack: 0x00000028a0500000,0x00000028a0600000] [id=20196]

Threads with active compile tasks:
C2 CompilerThread0    13472 9759       4       org.jetbrains.kotlin.backend.jvm.ir.JvmIrTypeUtilsKt::getErasedUpperBound (136 bytes)
C1 CompilerThread0    13472 9767       3       org.jetbrains.kotlin.backend.jvm.lower.JvmInlineClassLowering$visitClassNew$2::invoke (76 bytes)
C2 CompilerThread1    13472 9729       4       org.jetbrains.kotlin.ir.util.TypeTranslator::translateTypeAnnotations (230 bytes)
C2 CompilerThread2    13472 9689       4       org.jetbrains.kotlin.ir.util.TypeTranslator::translateType (625 bytes)

VM state: at safepoint (normal execution)

VM Mutex/Monitor currently owned by a thread:  ([mutex/lock_event])
[0x00000204d5faa6e0] Threads_lock - owner thread: 0x00000204f6829790
[0x00000204d5faa1d0] Heap_lock - owner thread: 0x00000204d5fadff0

Heap address: 0x0000000704a00000, size: 4022 MB, Compressed Oops mode: Zero based, Oop shift amount: 3

CDS archive(s) not mapped
Compressed class space mapped at: 0x0000000800000000-0x0000000840000000, reserved size: 1073741824
Narrow klass base: 0x0000000800000000, Narrow klass shift: 0, Narrow klass range: 0x40000000

GC Precious Log:
 CPUs: 8 total, 8 available
 Memory: 16080M
 Large Page Support: Disabled
 NUMA Support: Disabled
 Compressed Oops: Enabled (Zero based)
 Heap Region Size: 2M
 Heap Min Capacity: 8M
 Heap Initial Capacity: 252M
 Heap Max Capacity: 4022M
 Pre-touch: Disabled
 Parallel Workers: 8
 Concurrent Workers: 2
 Concurrent Refinement Workers: 8
 Periodic GC: Disabled

Heap:
 garbage-first heap   total 112640K, used 67192K [0x0000000704a00000, 0x0000000800000000)
  region size 2048K, 2 young (4096K), 2 survivors (4096K)
 Metaspace       used 76745K, committed 77120K, reserved 1179648K
  class space    used 8894K, committed 9088K, reserved 1048576K

Heap Regions: E=young(eden), S=young(survivor), O=old, HS=humongous(starts), HC=humongous(continues), CS=collection set, F=free, OA=open archive, CA=closed archive, TAMS=top-at-mark-start (previous, next)
|   0|0x0000000704a00000, 0x0000000704c00000, 0x0000000704c00000|100%|HS|  |TAMS 0x0000000704c00000, 0x0000000704c00000| Complete 
|   1|0x0000000704c00000, 0x0000000704e00000, 0x0000000704e00000|100%|HC|  |TAMS 0x0000000704e00000, 0x0000000704e00000| Complete 
|   2|0x0000000704e00000, 0x0000000704ee6200, 0x0000000705000000| 44%| O|  |TAMS 0x0000000704ee6200, 0x0000000704ee6200| Untracked 
|   3|0x0000000705000000, 0x0000000705200000, 0x0000000705200000|100%| O|  |TAMS 0x0000000705200000, 0x0000000705200000| Untracked 
|   4|0x0000000705200000, 0x0000000705400000, 0x0000000705400000|100%| O|  |TAMS 0x0000000705400000, 0x0000000705400000| Untracked 
|   5|0x0000000705400000, 0x0000000705600000, 0x0000000705600000|100%| O|  |TAMS 0x0000000705600000, 0x0000000705600000| Untracked 
|   6|0x0000000705600000, 0x0000000705800000, 0x0000000705800000|100%| O|  |TAMS 0x0000000705800000, 0x0000000705800000| Untracked 
|   7|0x0000000705800000, 0x0000000705a00000, 0x0000000705a00000|100%| O|  |TAMS 0x0000000705a00000, 0x0000000705a00000| Untracked 
|   8|0x0000000705a00000, 0x0000000705c00000, 0x0000000705c00000|100%| O|  |TAMS 0x0000000705c00000, 0x0000000705c00000| Untracked 
|   9|0x0000000705c00000, 0x0000000705e00000, 0x0000000705e00000|100%|HS|  |TAMS 0x0000000705e00000, 0x0000000705e00000| Complete 
|  10|0x0000000705e00000, 0x0000000706000000, 0x0000000706000000|100%| O|  |TAMS 0x0000000706000000, 0x0000000706000000| Untracked 
|  11|0x0000000706000000, 0x0000000706200000, 0x0000000706200000|100%| O|  |TAMS 0x0000000706200000, 0x0000000706200000| Untracked 
|  12|0x0000000706200000, 0x0000000706400000, 0x0000000706400000|100%| O|  |TAMS 0x0000000706400000, 0x0000000706400000| Untracked 
|  13|0x0000000706400000, 0x0000000706600000, 0x0000000706600000|100%| O|  |TAMS 0x0000000706600000, 0x0000000706600000| Untracked 
|  14|0x0000000706600000, 0x0000000706800000, 0x0000000706800000|100%| O|  |TAMS 0x0000000706800000, 0x0000000706800000| Untracked 
|  15|0x0000000706800000, 0x0000000706a00000, 0x0000000706a00000|100%| O|  |TAMS 0x0000000706a00000, 0x0000000706a00000| Untracked 
|  16|0x0000000706a00000, 0x0000000706c00000, 0x0000000706c00000|100%| O|  |TAMS 0x0000000706c00000, 0x0000000706c00000| Untracked 
|  17|0x0000000706c00000, 0x0000000706e00000, 0x0000000706e00000|100%| O|  |TAMS 0x0000000706e00000, 0x0000000706e00000| Untracked 
|  18|0x0000000706e00000, 0x0000000707000000, 0x0000000707000000|100%| O|  |TAMS 0x0000000707000000, 0x0000000707000000| Untracked 
|  19|0x0000000707000000, 0x0000000707200000, 0x0000000707200000|100%| O|  |TAMS 0x0000000707200000, 0x0000000707200000| Untracked 
|  20|0x0000000707200000, 0x0000000707400000, 0x0000000707400000|100%| O|  |TAMS 0x0000000707400000, 0x0000000707400000| Untracked 
|  21|0x0000000707400000, 0x0000000707600000, 0x0000000707600000|100%| O|  |TAMS 0x0000000707600000, 0x0000000707600000| Untracked 
|  22|0x0000000707600000, 0x0000000707800000, 0x0000000707800000|100%| O|  |TAMS 0x0000000707800000, 0x0000000707800000| Untracked 
|  23|0x0000000707800000, 0x0000000707a00000, 0x0000000707a00000|100%| O|  |TAMS 0x0000000707a00000, 0x0000000707a00000| Untracked 
|  24|0x0000000707a00000, 0x0000000707c00000, 0x0000000707c00000|100%| O|  |TAMS 0x0000000707c00000, 0x0000000707c00000| Untracked 
|  25|0x0000000707c00000, 0x0000000707e00000, 0x0000000707e00000|100%| O|  |TAMS 0x0000000707e00000, 0x0000000707e00000| Untracked 
|  26|0x0000000707e00000, 0x0000000708000000, 0x0000000708000000|100%| O|  |TAMS 0x0000000708000000, 0x0000000708000000| Untracked 
|  27|0x0000000708000000, 0x0000000708200000, 0x0000000708200000|100%| O|  |TAMS 0x0000000708000000, 0x0000000708200000| Untracked 
|  28|0x0000000708200000, 0x0000000708400000, 0x0000000708400000|100%| O|  |TAMS 0x0000000708200000, 0x0000000708400000| Untracked 
|  29|0x0000000708400000, 0x0000000708600000, 0x0000000708600000|100%| O|  |TAMS 0x0000000708400000, 0x0000000708600000| Untracked 
|  30|0x0000000708600000, 0x0000000708800000, 0x0000000708800000|100%| O|  |TAMS 0x0000000708600000, 0x0000000708800000| Untracked 
|  31|0x0000000708800000, 0x00000007088b8000, 0x0000000708a00000| 35%| O|  |TAMS 0x0000000708800000, 0x0000000708800000| Untracked 
|  32|0x0000000708a00000, 0x0000000708a00000, 0x0000000708c00000|  0%| F|  |TAMS 0x0000000708a00000, 0x0000000708a00000| Untracked 
|  33|0x0000000708c00000, 0x0000000708c00000, 0x0000000708e00000|  0%| F|  |TAMS 0x0000000708c00000, 0x0000000708c00000| Untracked 
|  34|0x0000000708e00000, 0x0000000708e00000, 0x0000000709000000|  0%| F|  |TAMS 0x0000000708e00000, 0x0000000708e00000| Untracked 
|  35|0x0000000709000000, 0x0000000709000000, 0x0000000709200000|  0%| F|  |TAMS 0x0000000709000000, 0x0000000709000000| Untracked 
|  36|0x0000000709200000, 0x0000000709200000, 0x0000000709400000|  0%| F|  |TAMS 0x0000000709200000, 0x0000000709200000| Untracked 
|  37|0x0000000709400000, 0x0000000709400000, 0x0000000709600000|  0%| F|  |TAMS 0x0000000709400000, 0x0000000709400000| Untracked 
|  38|0x0000000709600000, 0x0000000709600000, 0x0000000709800000|  0%| F|  |TAMS 0x0000000709600000, 0x0000000709600000| Untracked 
|  39|0x0000000709800000, 0x0000000709800000, 0x0000000709a00000|  0%| F|  |TAMS 0x0000000709800000, 0x0000000709800000| Untracked 
|  40|0x0000000709a00000, 0x0000000709c00000, 0x0000000709c00000|100%| S|CS|TAMS 0x0000000709a00000, 0x0000000709a00000| Complete 
|  41|0x0000000709c00000, 0x0000000709e00000, 0x0000000709e00000|100%| S|CS|TAMS 0x0000000709c00000, 0x0000000709c00000| Complete 
|  42|0x0000000709e00000, 0x0000000709e00000, 0x000000070a000000|  0%| F|  |TAMS 0x0000000709e00000, 0x0000000709e00000| Untracked 
|  43|0x000000070a000000, 0x000000070a000000, 0x000000070a200000|  0%| F|  |TAMS 0x000000070a000000, 0x000000070a000000| Untracked 
|  44|0x000000070a200000, 0x000000070a200000, 0x000000070a400000|  0%| F|  |TAMS 0x000000070a200000, 0x000000070a200000| Untracked 
|  45|0x000000070a400000, 0x000000070a400000, 0x000000070a600000|  0%| F|  |TAMS 0x000000070a400000, 0x000000070a400000| Untracked 
|  46|0x000000070a600000, 0x000000070a600000, 0x000000070a800000|  0%| F|  |TAMS 0x000000070a600000, 0x000000070a600000| Untracked 
|  47|0x000000070a800000, 0x000000070a800000, 0x000000070aa00000|  0%| F|  |TAMS 0x000000070a800000, 0x000000070a800000| Untracked 
|  48|0x000000070aa00000, 0x000000070aa00000, 0x000000070ac00000|  0%| F|  |TAMS 0x000000070aa00000, 0x000000070aa00000| Untracked 
|  49|0x000000070ac00000, 0x000000070ac00000, 0x000000070ae00000|  0%| F|  |TAMS 0x000000070ac00000, 0x000000070ac00000| Untracked 
|  50|0x000000070ae00000, 0x000000070ae00000, 0x000000070b000000|  0%| F|  |TAMS 0x000000070ae00000, 0x000000070ae00000| Untracked 
|  51|0x000000070b000000, 0x000000070b000000, 0x000000070b200000|  0%| F|  |TAMS 0x000000070b000000, 0x000000070b000000| Untracked 
|  52|0x000000070b200000, 0x000000070b200000, 0x000000070b400000|  0%| F|  |TAMS 0x000000070b200000, 0x000000070b200000| Untracked 
|  53|0x000000070b400000, 0x000000070b400000, 0x000000070b600000|  0%| F|  |TAMS 0x000000070b400000, 0x000000070b400000| Untracked 
| 125|0x0000000714400000, 0x0000000714400000, 0x0000000714600000|  0%| F|  |TAMS 0x0000000714400000, 0x0000000714400000| Untracked 

Card table byte_map: [0x00000204eb040000,0x00000204eb820000] _byte_map_base: 0x00000204e781b000

Marking Bits (Prev, Next): (CMBitMap*) 0x00000204d80bf1d0, (CMBitMap*) 0x00000204d80bf190
 Prev Bits: [0x00000204efee0000, 0x00000204f3db8000)
 Next Bits: [0x00000204ec000000, 0x00000204efed8000)

Polling page: 0x00000204d7810000

Metaspace:

Usage:
  Non-class:     66.26 MB used.
      Class:      8.69 MB used.
       Both:     74.95 MB used.

Virtual space:
  Non-class space:      128.00 MB reserved,      66.44 MB ( 52%) committed,  2 nodes.
      Class space:        1.00 GB reserved,       8.88 MB ( <1%) committed,  1 nodes.
             Both:        1.12 GB reserved,      75.31 MB (  7%) committed. 

Chunk freelists:
   Non-Class:  12.75 MB
       Class:  7.09 MB
        Both:  19.84 MB

MaxMetaspaceSize: unlimited
CompressedClassSpaceSize: 1.00 GB
Initial GC threshold: 21.00 MB
Current GC threshold: 113.12 MB
CDS: off
MetaspaceReclaimPolicy: balanced
 - commit_granule_bytes: 65536.
 - commit_granule_words: 8192.
 - virtual_space_node_default_size: 8388608.
 - enlarge_chunks_in_place: 1.
 - new_chunks_are_fully_committed: 0.
 - uncommit_free_chunks: 1.
 - use_allocation_guard: 0.
 - handle_deallocations: 1.


Internal statistics:

num_allocs_failed_limit: 9.
num_arena_births: 418.
num_arena_deaths: 0.
num_vsnodes_births: 3.
num_vsnodes_deaths: 0.
num_space_committed: 1203.
num_space_uncommitted: 0.
num_chunks_returned_to_freelist: 9.
num_chunks_taken_from_freelist: 2850.
num_chunk_merges: 9.
num_chunk_splits: 2345.
num_chunks_enlarged: 2043.
num_inconsistent_stats: 0.

CodeHeap 'non-profiled nmethods': size=120000Kb used=4572Kb max_used=4572Kb free=115428Kb
 bounds [0x00000204e2ff0000, 0x00000204e3470000, 0x00000204ea520000]
CodeHeap 'profiled nmethods': size=120000Kb used=21816Kb max_used=21816Kb free=98183Kb
 bounds [0x00000204db520000, 0x00000204dca80000, 0x00000204e2a50000]
CodeHeap 'non-nmethods': size=5760Kb used=1411Kb max_used=1466Kb free=4348Kb
 bounds [0x00000204e2a50000, 0x00000204e2cc0000, 0x00000204e2ff0000]
 total_blobs=9142 nmethods=8414 adapters=637
 compilation: enabled
              stopped_count=0, restarted_count=0
 full_count=0

Compilation events (20 events):
Event: 13.421 Thread 0x00000204f6a1aa70 nmethod 9754 0x00000204dca61f90 code [0x00000204dca62260, 0x00000204dca62fe8]
Event: 13.421 Thread 0x00000204f6a1aa70 9755       3       org.jetbrains.kotlin.backend.common.IrElementTransformerVoidWithContext::unsafeEnterScope (20 bytes)
Event: 13.422 Thread 0x00000204f6a1aa70 nmethod 9755 0x00000204dca63490 code [0x00000204dca63740, 0x00000204dca64488]
Event: 13.422 Thread 0x00000204f6a1aa70 9763       3       org.jetbrains.kotlin.backend.jvm.lower.JvmValueClassAbstractLowering::visitParameter (16 bytes)
Event: 13.423 Thread 0x00000204f6a1aa70 nmethod 9763 0x00000204dca64910 code [0x00000204dca64c40, 0x00000204dca65d48]
Event: 13.423 Thread 0x00000204f6a1aa70 9762       3       org.jetbrains.kotlin.backend.jvm.lower.JvmInlineClassLowering::getReplacements (11 bytes)
Event: 13.424 Thread 0x00000204f6a1aa70 nmethod 9762 0x00000204dca66310 code [0x00000204dca664a0, 0x00000204dca665f8]
Event: 13.424 Thread 0x00000204f6a1aa70 9744       3       org.jetbrains.kotlin.backend.jvm.lower.JvmValueClassAbstractLowering::transformFunctionFlat (340 bytes)
Event: 13.424 Thread 0x00000204f6a119b0 nmethod 9730 0x00000204e3463b10 code [0x00000204e3463d80, 0x00000204e34659e0]
Event: 13.424 Thread 0x00000204f6a119b0 9746       4       org.jetbrains.kotlin.ir.declarations.lazy.IrLazyClass::getValueClassRepresentation (20 bytes)
Event: 13.429 Thread 0x00000204f6a1aa70 nmethod 9744 0x00000204dca66690 code [0x00000204dca66fe0, 0x00000204dca6cf58]
Event: 13.430 Thread 0x00000204f6a1aa70 9756       3       org.jetbrains.kotlin.backend.common.IrElementTransformerVoidWithContext::access$unsafeLeaveScope (5 bytes)
Event: 13.430 Thread 0x00000204f6a1aa70 nmethod 9756 0x00000204dca6e610 code [0x00000204dca6e860, 0x00000204dca6f108]
Event: 13.430 Thread 0x00000204f6a1aa70 9757       3       org.jetbrains.kotlin.backend.common.IrElementTransformerVoidWithContext::unsafeLeaveScope (9 bytes)
Event: 13.431 Thread 0x00000204f6a119b0 nmethod 9746 0x00000204e3466710 code [0x00000204e34668a0, 0x00000204e3466db8]
Event: 13.431 Thread 0x00000204f6a119b0 9759       4       org.jetbrains.kotlin.backend.jvm.ir.JvmIrTypeUtilsKt::getErasedUpperBound (136 bytes)
Event: 13.431 Thread 0x00000204f6a1aa70 nmethod 9757 0x00000204dca6f410 code [0x00000204dca6f660, 0x00000204dca6fec8]
Event: 13.431 Thread 0x00000204f6a1aa70 9766       3       org.jetbrains.kotlin.backend.jvm.lower.JvmInlineClassLowering$visitClassNew$2::invoke (9 bytes)
Event: 13.431 Thread 0x00000204f6a1aa70 nmethod 9766 0x00000204dca70190 code [0x00000204dca70340, 0x00000204dca70588]
Event: 13.431 Thread 0x00000204f6a1aa70 9767       3       org.jetbrains.kotlin.backend.jvm.lower.JvmInlineClassLowering$visitClassNew$2::invoke (76 bytes)

GC Heap History (20 events):
Event: 6.809 GC heap after
{Heap after GC invocations=14 (full 0):
 garbage-first heap   total 75776K, used 34996K [0x0000000704a00000, 0x0000000800000000)
  region size 2048K, 1 young (2048K), 1 survivors (2048K)
 Metaspace       used 52490K, committed 52736K, reserved 1114112K
  class space    used 6291K, committed 6400K, reserved 1048576K
}
Event: 7.324 GC heap before
{Heap before GC invocations=14 (full 0):
 garbage-first heap   total 75776K, used 55476K [0x0000000704a00000, 0x0000000800000000)
  region size 2048K, 11 young (22528K), 1 survivors (2048K)
 Metaspace       used 53506K, committed 53760K, reserved 1114112K
  class space    used 6390K, committed 6464K, reserved 1048576K
}
Event: 7.341 GC heap after
{Heap after GC invocations=15 (full 0):
 garbage-first heap   total 75776K, used 37475K [0x0000000704a00000, 0x0000000800000000)
  region size 2048K, 2 young (4096K), 2 survivors (4096K)
 Metaspace       used 53506K, committed 53760K, reserved 1114112K
  class space    used 6390K, committed 6464K, reserved 1048576K
}
Event: 7.996 GC heap before
{Heap before GC invocations=16 (full 0):
 garbage-first heap   total 75776K, used 55907K [0x0000000704a00000, 0x0000000800000000)
  region size 2048K, 12 young (24576K), 2 survivors (4096K)
 Metaspace       used 55168K, committed 55360K, reserved 1114112K
  class space    used 6590K, committed 6656K, reserved 1048576K
}
Event: 8.015 GC heap after
{Heap after GC invocations=17 (full 0):
 garbage-first heap   total 75776K, used 39929K [0x0000000704a00000, 0x0000000800000000)
  region size 2048K, 2 young (4096K), 2 survivors (4096K)
 Metaspace       used 55168K, committed 55360K, reserved 1114112K
  class space    used 6590K, committed 6656K, reserved 1048576K
}
Event: 8.193 GC heap before
{Heap before GC invocations=17 (full 0):
 garbage-first heap   total 75776K, used 56313K [0x0000000704a00000, 0x0000000800000000)
  region size 2048K, 10 young (20480K), 2 survivors (4096K)
 Metaspace       used 55400K, committed 55680K, reserved 1114112K
  class space    used 6603K, committed 6720K, reserved 1048576K
}
Event: 8.206 GC heap after
{Heap after GC invocations=18 (full 0):
 garbage-first heap   total 104448K, used 42495K [0x0000000704a00000, 0x0000000800000000)
  region size 2048K, 2 young (4096K), 2 survivors (4096K)
 Metaspace       used 55400K, committed 55680K, reserved 1114112K
  class space    used 6603K, committed 6720K, reserved 1048576K
}
Event: 9.239 GC heap before
{Heap before GC invocations=19 (full 0):
 garbage-first heap   total 104448K, used 73215K [0x0000000704a00000, 0x0000000800000000)
  region size 2048K, 18 young (36864K), 2 survivors (4096K)
 Metaspace       used 57389K, committed 57664K, reserved 1114112K
  class space    used 6794K, committed 6912K, reserved 1048576K
}
Event: 9.255 GC heap after
{Heap after GC invocations=20 (full 0):
 garbage-first heap   total 104448K, used 47726K [0x0000000704a00000, 0x0000000800000000)
  region size 2048K, 3 young (6144K), 3 survivors (6144K)
 Metaspace       used 57389K, committed 57664K, reserved 1114112K
  class space    used 6794K, committed 6912K, reserved 1048576K
}
Event: 10.090 GC heap before
{Heap before GC invocations=20 (full 0):
 garbage-first heap   total 104448K, used 76398K [0x0000000704a00000, 0x0000000800000000)
  region size 2048K, 17 young (34816K), 3 survivors (6144K)
 Metaspace       used 60186K, committed 60480K, reserved 1114112K
  class space    used 7092K, committed 7232K, reserved 1048576K
}
Event: 10.116 GC heap after
{Heap after GC invocations=21 (full 0):
 garbage-first heap   total 104448K, used 51833K [0x0000000704a00000, 0x0000000800000000)
  region size 2048K, 2 young (4096K), 2 survivors (4096K)
 Metaspace       used 60186K, committed 60480K, reserved 1114112K
  class space    used 7092K, committed 7232K, reserved 1048576K
}
Event: 10.966 GC heap before
{Heap before GC invocations=21 (full 0):
 garbage-first heap   total 104448K, used 78457K [0x0000000704a00000, 0x0000000800000000)
  region size 2048K, 15 young (30720K), 2 survivors (4096K)
 Metaspace       used 65273K, committed 65600K, reserved 1114112K
  class space    used 7601K, committed 7744K, reserved 1048576K
}
Event: 10.986 GC heap after
{Heap after GC invocations=22 (full 0):
 garbage-first heap   total 104448K, used 54493K [0x0000000704a00000, 0x0000000800000000)
  region size 2048K, 2 young (4096K), 2 survivors (4096K)
 Metaspace       used 65273K, committed 65600K, reserved 1114112K
  class space    used 7601K, committed 7744K, reserved 1048576K
}
Event: 11.594 GC heap before
{Heap before GC invocations=23 (full 0):
 garbage-first heap   total 104448K, used 77021K [0x0000000704a00000, 0x0000000800000000)
  region size 2048K, 14 young (28672K), 2 survivors (4096K)
 Metaspace       used 67341K, committed 67648K, reserved 1114112K
  class space    used 7857K, committed 8000K, reserved 1048576K
}
Event: 11.613 GC heap after
{Heap after GC invocations=24 (full 0):
 garbage-first heap   total 104448K, used 58254K [0x0000000704a00000, 0x0000000800000000)
  region size 2048K, 2 young (4096K), 2 survivors (4096K)
 Metaspace       used 67341K, committed 67648K, reserved 1114112K
  class space    used 7857K, committed 8000K, reserved 1048576K
}
Event: 12.277 GC heap before
{Heap before GC invocations=24 (full 0):
 garbage-first heap   total 104448K, used 80782K [0x0000000704a00000, 0x0000000800000000)
  region size 2048K, 13 young (26624K), 2 survivors (4096K)
 Metaspace       used 68444K, committed 68800K, reserved 1114112K
  class space    used 7966K, committed 8128K, reserved 1048576K
}
Event: 12.304 GC heap after
{Heap after GC invocations=25 (full 0):
 garbage-first heap   total 104448K, used 62285K [0x0000000704a00000, 0x0000000800000000)
  region size 2048K, 2 young (4096K), 2 survivors (4096K)
 Metaspace       used 68444K, committed 68800K, reserved 1114112K
  class space    used 7966K, committed 8128K, reserved 1048576K
}
Event: 12.871 GC heap before
{Heap before GC invocations=26 (full 0):
 garbage-first heap   total 112640K, used 78669K [0x0000000704a00000, 0x0000000800000000)
  region size 2048K, 11 young (22528K), 2 survivors (4096K)
 Metaspace       used 72496K, committed 72832K, reserved 1114112K
  class space    used 8426K, committed 8576K, reserved 1048576K
}
Event: 12.891 GC heap after
{Heap after GC invocations=27 (full 0):
 garbage-first heap   total 112640K, used 64221K [0x0000000704a00000, 0x0000000800000000)
  region size 2048K, 1 young (2048K), 1 survivors (2048K)
 Metaspace       used 72496K, committed 72832K, reserved 1114112K
  class space    used 8426K, committed 8576K, reserved 1048576K
}
Event: 13.432 GC heap before
{Heap before GC invocations=27 (full 0):
 garbage-first heap   total 112640K, used 86749K [0x0000000704a00000, 0x0000000800000000)
  region size 2048K, 13 young (26624K), 1 survivors (2048K)
 Metaspace       used 76745K, committed 77120K, reserved 1179648K
  class space    used 8894K, committed 9088K, reserved 1048576K
}

Dll operation events (2 events):
Event: 0.038 Loaded shared library C:\Program Files\Android\Android Studio\jbr\bin\java.dll
Event: 2.605 Loaded shared library C:\Program Files\Android\Android Studio\jbr\bin\verify.dll

Deoptimization events (20 events):
Event: 13.397 Thread 0x00000204d5fadff0 Uncommon trap: trap_request=0xffffffde fr.pc=0x00000204e33f2f00 relative=0x0000000000000140
Event: 13.397 Thread 0x00000204d5fadff0 Uncommon trap: reason=class_check action=maybe_recompile pc=0x00000204e33f2f00 method=org.jetbrains.kotlin.load.java.typeEnhancement.TypeEnhancementUtilsKt.hasEnhancedNullability(Lorg/jetbrains/kotlin/types/TypeSystemCommonBackendContext;Lorg/jetbrains/ko
Event: 13.397 Thread 0x00000204d5fadff0 DEOPT PACKING pc=0x00000204e33f2f00 sp=0x00000028a00f7270
Event: 13.397 Thread 0x00000204d5fadff0 DEOPT UNPACKING pc=0x00000204e2aaa1a3 sp=0x00000028a00f71f0 mode 2
Event: 13.397 Thread 0x00000204d5fadff0 Uncommon trap: trap_request=0xffffffde fr.pc=0x00000204e33f2f00 relative=0x0000000000000140
Event: 13.397 Thread 0x00000204d5fadff0 Uncommon trap: reason=class_check action=maybe_recompile pc=0x00000204e33f2f00 method=org.jetbrains.kotlin.load.java.typeEnhancement.TypeEnhancementUtilsKt.hasEnhancedNullability(Lorg/jetbrains/kotlin/types/TypeSystemCommonBackendContext;Lorg/jetbrains/ko
Event: 13.397 Thread 0x00000204d5fadff0 DEOPT PACKING pc=0x00000204e33f2f00 sp=0x00000028a00f7270
Event: 13.397 Thread 0x00000204d5fadff0 DEOPT UNPACKING pc=0x00000204e2aaa1a3 sp=0x00000028a00f71f0 mode 2
Event: 13.397 Thread 0x00000204d5fadff0 Uncommon trap: trap_request=0xffffffde fr.pc=0x00000204e33f2f00 relative=0x0000000000000140
Event: 13.397 Thread 0x00000204d5fadff0 Uncommon trap: reason=class_check action=maybe_recompile pc=0x00000204e33f2f00 method=org.jetbrains.kotlin.load.java.typeEnhancement.TypeEnhancementUtilsKt.hasEnhancedNullability(Lorg/jetbrains/kotlin/types/TypeSystemCommonBackendContext;Lorg/jetbrains/ko
Event: 13.397 Thread 0x00000204d5fadff0 DEOPT PACKING pc=0x00000204e33f2f00 sp=0x00000028a00f7270
Event: 13.398 Thread 0x00000204d5fadff0 DEOPT UNPACKING pc=0x00000204e2aaa1a3 sp=0x00000028a00f71f0 mode 2
Event: 13.398 Thread 0x00000204d5fadff0 Uncommon trap: trap_request=0xffffffde fr.pc=0x00000204e33f2f00 relative=0x0000000000000140
Event: 13.398 Thread 0x00000204d5fadff0 Uncommon trap: reason=class_check action=maybe_recompile pc=0x00000204e33f2f00 method=org.jetbrains.kotlin.load.java.typeEnhancement.TypeEnhancementUtilsKt.hasEnhancedNullability(Lorg/jetbrains/kotlin/types/TypeSystemCommonBackendContext;Lorg/jetbrains/ko
Event: 13.398 Thread 0x00000204d5fadff0 DEOPT PACKING pc=0x00000204e33f2f00 sp=0x00000028a00f7270
Event: 13.398 Thread 0x00000204d5fadff0 DEOPT UNPACKING pc=0x00000204e2aaa1a3 sp=0x00000028a00f71f0 mode 2
Event: 13.398 Thread 0x00000204d5fadff0 Uncommon trap: trap_request=0xffffff45 fr.pc=0x00000204e3368350 relative=0x0000000000000390
Event: 13.398 Thread 0x00000204d5fadff0 Uncommon trap: reason=unstable_if action=reinterpret pc=0x00000204e3368350 method=org.jetbrains.kotlin.builtins.jvm.JavaToKotlinClassMap.isKotlinFunctionWithBigArity(Lorg/jetbrains/kotlin/name/FqNameUnsafe;Ljava/lang/String;)Z @ 26 c2
Event: 13.398 Thread 0x00000204d5fadff0 DEOPT PACKING pc=0x00000204e3368350 sp=0x00000028a00f7310
Event: 13.398 Thread 0x00000204d5fadff0 DEOPT UNPACKING pc=0x00000204e2aaa1a3 sp=0x00000028a00f72a8 mode 2

Classes unloaded (0 events):
No events

Classes redefined (0 events):
No events

Internal exceptions (20 events):
Event: 7.451 Thread 0x00000204d5fadff0 Implicit null exception at 0x00000204e304138f to 0x00000204e3041608
Event: 7.638 Thread 0x00000204d5fadff0 Implicit null exception at 0x00000204e3112815 to 0x00000204e3112904
Event: 7.638 Thread 0x00000204d5fadff0 Implicit null exception at 0x00000204e3055dd8 to 0x00000204e3055e6e
Event: 7.662 Thread 0x00000204d5fadff0 Exception <a 'java/lang/NoSuchMethodError'{0x000000070861d2b0}: 'java.lang.Object java.lang.invoke.DirectMethodHandle$Holder.invokeInterface(java.lang.Object, java.lang.Object, java.lang.Object)'> (0x000000070861d2b0) 
thrown [s\src\hotspot\share\interpreter\linkResolver.cpp, line 771]
Event: 7.662 Thread 0x00000204d5fadff0 Exception <a 'java/lang/IncompatibleClassChangeError'{0x0000000708620c20}: Found class java.lang.Object, but interface was expected> (0x0000000708620c20) 
thrown [s\src\hotspot\share\interpreter\linkResolver.cpp, line 838]
Event: 7.838 Thread 0x00000204d5fadff0 Exception <a 'java/lang/NoSuchMethodError'{0x00000007084a0fb8}: 'int java.lang.invoke.DirectMethodHandle$Holder.invokeStaticInit(java.lang.Object, int)'> (0x00000007084a0fb8) 
thrown [s\src\hotspot\share\interpreter\linkResolver.cpp, line 771]
Event: 8.611 Thread 0x00000204d5fadff0 Exception <a 'java/lang/NoSuchMethodError'{0x000000070a223650}: 'int java.lang.invoke.DirectMethodHandle$Holder.invokeInterface(java.lang.Object, java.lang.Object)'> (0x000000070a223650) 
thrown [s\src\hotspot\share\interpreter\linkResolver.cpp, line 771]
Event: 8.702 Thread 0x00000204d5fadff0 Exception <a 'java/lang/NoSuchMethodError'{0x000000070a3e9028}: 'java.lang.Object java.lang.invoke.DirectMethodHandle$Holder.newInvokeSpecial(java.lang.Object, int, java.lang.Object)'> (0x000000070a3e9028) 
thrown [s\src\hotspot\share\interpreter\linkResolver.cpp, line 771]
Event: 9.056 Thread 0x00000204d5fadff0 Implicit null exception at 0x00000204e3262334 to 0x00000204e32623c1
Event: 9.419 Thread 0x00000204d5fadff0 Exception <a 'java/lang/NoSuchMethodError'{0x000000070a6a94e8}: 'java.lang.Object java.lang.invoke.DirectMethodHandle$Holder.newInvokeSpecial(java.lang.Object, java.lang.Object, java.lang.Object, java.lang.Object, java.lang.Object, java.lang.Object, java.lang.Object)'> (0x000000070a6a94e8) 
thrown [s\src\hotspot\share\interpreter\linkResolver.cpp, line 771]
Event: 9.420 Thread 0x00000204d5fadff0 Exception <a 'java/lang/NoSuchMethodError'{0x000000070a6ae0a0}: 'java.lang.Object java.lang.invoke.Invokers$Holder.linkToTargetMethod(java.lang.Object, java.lang.Object, java.lang.Object, java.lang.Object, java.lang.Object, java.lang.Object, java.lang.Object)'> (0x000000070a6ae0a0) 
thrown [s\src\hotspot\share\interpreter\linkResolver.cpp, line 771]
Event: 9.671 Thread 0x00000204d5fadff0 Implicit null exception at 0x00000204e308f18f to 0x00000204e308f40c
Event: 10.037 Thread 0x00000204d5fadff0 Exception <a 'java/lang/NoSuchMethodError'{0x0000000709499420}: 'java.lang.Object java.lang.invoke.DirectMethodHandle$Holder.invokeStaticInit(java.lang.Object, java.lang.Object, java.lang.Object, java.lang.Object)'> (0x0000000709499420) 
thrown [s\src\hotspot\share\interpreter\linkResolver.cpp, line 771]
Event: 10.451 Thread 0x00000204d5fadff0 Exception <a 'java/lang/NoSuchMethodError'{0x000000070a326ed0}: 'java.lang.Object java.lang.invoke.DirectMethodHandle$Holder.newInvokeSpecial(java.lang.Object, java.lang.Object, java.lang.Object, int, int)'> (0x000000070a326ed0) 
thrown [s\src\hotspot\share\interpreter\linkResolver.cpp, line 771]
Event: 10.451 Thread 0x00000204d5fadff0 Exception <a 'java/lang/NoSuchMethodError'{0x000000070a32ad10}: 'java.lang.Object java.lang.invoke.DirectMethodHandle$Holder.invokeSpecial(java.lang.Object, java.lang.Object, java.lang.Object, java.lang.Object, int, int)'> (0x000000070a32ad10) 
thrown [s\src\hotspot\share\interpreter\linkResolver.cpp, line 771]
Event: 10.921 Thread 0x00000204d5fadff0 Exception <a 'java/lang/NoSuchMethodError'{0x0000000709729978}: 'java.lang.Object java.lang.invoke.DirectMethodHandle$Holder.invokeSpecial(java.lang.Object, java.lang.Object, int, int, java.lang.Object, java.lang.Object, java.lang.Object, java.lang.Object, java.lang.Object)'> (0x0000000709729978) 
thrown [s\src\hotspot\share\interpreter\linkResolver.cpp, line 771]
Event: 10.925 Thread 0x00000204d5fadff0 Exception <a 'java/lang/NoSuchMethodError'{0x0000000709743818}: 'java.lang.Object java.lang.invoke.DirectMethodHandle$Holder.invokeStatic(java.lang.Object, int, java.lang.Object)'> (0x0000000709743818) 
thrown [s\src\hotspot\share\interpreter\linkResolver.cpp, line 771]
Event: 10.934 Thread 0x00000204d5fadff0 Exception <a 'java/lang/NoSuchMethodError'{0x000000070976b080}: 'java.lang.Object java.lang.invoke.DirectMethodHandle$Holder.newInvokeSpecial(java.lang.Object, int, java.lang.Object, java.lang.Object)'> (0x000000070976b080) 
thrown [s\src\hotspot\share\interpreter\linkResolver.cpp, line 771]
Event: 12.273 Thread 0x00000204d5fadff0 Implicit null exception at 0x00000204e305d619 to 0x00000204e305d900
Event: 13.324 Thread 0x00000204d5fadff0 Implicit null exception at 0x00000204e3457af7 to 0x00000204e3457f0c

VM Operations (20 events):
Event: 12.844 Executing VM operation: ICBufferFull done
Event: 12.871 Executing VM operation: G1CollectForAllocation
Event: 12.891 Executing VM operation: G1CollectForAllocation done
Event: 12.911 Executing VM operation: HandshakeAllThreads
Event: 12.911 Executing VM operation: HandshakeAllThreads done
Event: 12.919 Executing VM operation: HandshakeAllThreads
Event: 12.919 Executing VM operation: HandshakeAllThreads done
Event: 12.997 Executing VM operation: HandshakeAllThreads
Event: 12.997 Executing VM operation: HandshakeAllThreads done
Event: 13.005 Executing VM operation: HandshakeAllThreads
Event: 13.005 Executing VM operation: HandshakeAllThreads done
Event: 13.207 Executing VM operation: HandshakeAllThreads
Event: 13.207 Executing VM operation: HandshakeAllThreads done
Event: 13.220 Executing VM operation: ICBufferFull
Event: 13.221 Executing VM operation: ICBufferFull done
Event: 13.367 Executing VM operation: HandshakeAllThreads
Event: 13.367 Executing VM operation: HandshakeAllThreads done
Event: 13.403 Executing VM operation: ICBufferFull
Event: 13.403 Executing VM operation: ICBufferFull done
Event: 13.432 Executing VM operation: G1CollectForAllocation

Events (20 events):
Event: 13.391 loading class java/lang/constant/DirectMethodHandleDescImpl
Event: 13.392 loading class java/lang/constant/DirectMethodHandleDesc
Event: 13.392 loading class java/lang/constant/DirectMethodHandleDesc done
Event: 13.392 loading class java/lang/constant/DirectMethodHandleDescImpl done
Event: 13.392 loading class java/lang/constant/DirectMethodHandleDescImpl$1
Event: 13.392 loading class java/lang/constant/DirectMethodHandleDescImpl$1 done
Event: 13.392 loading class java/lang/constant/DirectMethodHandleDesc$1
Event: 13.392 loading class java/lang/constant/DirectMethodHandleDesc$1 done
Event: 13.392 loading class java/lang/constant/PrimitiveClassDescImpl
Event: 13.392 loading class java/lang/constant/DynamicConstantDesc
Event: 13.393 loading class java/lang/constant/DynamicConstantDesc done
Event: 13.393 loading class java/lang/constant/PrimitiveClassDescImpl done
Event: 13.393 loading class java/lang/constant/DynamicConstantDesc$AnonymousDynamicConstantDesc
Event: 13.393 loading class java/lang/constant/DynamicConstantDesc$AnonymousDynamicConstantDesc done
Event: 13.394 loading class sun/security/provider/ByteArrayAccess
Event: 13.394 loading class sun/security/provider/ByteArrayAccess done
Event: 13.394 loading class java/util/Base64
Event: 13.394 loading class java/util/Base64 done
Event: 13.395 loading class java/util/Base64$Encoder
Event: 13.395 loading class java/util/Base64$Encoder done


Dynamic libraries:
0x00007ff77cf20000 - 0x00007ff77cf2a000 	C:\Program Files\Android\Android Studio\jbr\bin\java.exe
0x00007ffd7f9f0000 - 0x00007ffd7fc07000 	C:\WINDOWS\SYSTEM32\ntdll.dll
0x00007ffd7e690000 - 0x00007ffd7e754000 	C:\WINDOWS\System32\KERNEL32.DLL
0x00007ffd7cf80000 - 0x00007ffd7d337000 	C:\WINDOWS\System32\KERNELBASE.dll
0x00007ffd7ce60000 - 0x00007ffd7cf71000 	C:\WINDOWS\System32\ucrtbase.dll
0x00007ffd6fd50000 - 0x00007ffd6fd67000 	C:\Program Files\Android\Android Studio\jbr\bin\jli.dll
0x00007ffd7d9c0000 - 0x00007ffd7db6f000 	C:\WINDOWS\System32\USER32.dll
0x00007ffd7ce30000 - 0x00007ffd7ce56000 	C:\WINDOWS\System32\win32u.dll
0x00007ffd7e9b0000 - 0x00007ffd7e9d9000 	C:\WINDOWS\System32\GDI32.dll
0x00007ffd7d600000 - 0x00007ffd7d718000 	C:\WINDOWS\System32\gdi32full.dll
0x00007ffd6f960000 - 0x00007ffd6f97b000 	C:\Program Files\Android\Android Studio\jbr\bin\VCRUNTIME140.dll
0x00007ffd7d340000 - 0x00007ffd7d3da000 	C:\WINDOWS\System32\msvcp_win.dll
0x00007ffd6ffd0000 - 0x00007ffd70263000 	C:\WINDOWS\WinSxS\amd64_microsoft.windows.common-controls_6595b64144ccf1df_6.0.22621.3672_none_2713b9d173822955\COMCTL32.dll
0x00007ffd7f790000 - 0x00007ffd7f837000 	C:\WINDOWS\System32\msvcrt.dll
0x00007ffd7ec30000 - 0x00007ffd7ec61000 	C:\WINDOWS\System32\IMM32.DLL
0x00007ffd718f0000 - 0x00007ffd718fc000 	C:\Program Files\Android\Android Studio\jbr\bin\vcruntime140_1.dll
0x00007ffd5cdf0000 - 0x00007ffd5ce7d000 	C:\Program Files\Android\Android Studio\jbr\bin\msvcp140.dll
0x00007ffcfbc90000 - 0x00007ffcfc910000 	C:\Program Files\Android\Android Studio\jbr\bin\server\jvm.dll
0x00007ffd7f2f0000 - 0x00007ffd7f3a2000 	C:\WINDOWS\System32\ADVAPI32.dll
0x00007ffd7d910000 - 0x00007ffd7d9b8000 	C:\WINDOWS\System32\sechost.dll
0x00007ffd7d550000 - 0x00007ffd7d578000 	C:\WINDOWS\System32\bcrypt.dll
0x00007ffd7d7d0000 - 0x00007ffd7d8e4000 	C:\WINDOWS\System32\RPCRT4.dll
0x00007ffd74ad0000 - 0x00007ffd74ad9000 	C:\WINDOWS\SYSTEM32\WSOCK32.dll
0x00007ffd7e920000 - 0x00007ffd7e991000 	C:\WINDOWS\System32\WS2_32.dll
0x00007ffd745d0000 - 0x00007ffd74604000 	C:\WINDOWS\SYSTEM32\WINMM.dll
0x00007ffd73890000 - 0x00007ffd7389a000 	C:\WINDOWS\SYSTEM32\VERSION.dll
0x00007ffd7be00000 - 0x00007ffd7be18000 	C:\WINDOWS\SYSTEM32\kernel.appcore.dll
0x00007ffd744f0000 - 0x00007ffd744fa000 	C:\Program Files\Android\Android Studio\jbr\bin\jimage.dll
0x00007ffd7a7d0000 - 0x00007ffd7aa02000 	C:\WINDOWS\SYSTEM32\DBGHELP.DLL
0x00007ffd7f400000 - 0x00007ffd7f78e000 	C:\WINDOWS\System32\combase.dll
0x00007ffd7e9e0000 - 0x00007ffd7eab7000 	C:\WINDOWS\System32\OLEAUT32.dll
0x00007ffd719c0000 - 0x00007ffd719f2000 	C:\WINDOWS\SYSTEM32\dbgcore.DLL
0x00007ffd7d580000 - 0x00007ffd7d5fb000 	C:\WINDOWS\System32\bcryptPrimitives.dll
0x00007ffd70bb0000 - 0x00007ffd70bd5000 	C:\Program Files\Android\Android Studio\jbr\bin\java.dll
0x00007ffd72650000 - 0x00007ffd72668000 	C:\Program Files\Android\Android Studio\jbr\bin\zip.dll
0x00007ffd7db70000 - 0x00007ffd7e3d9000 	C:\WINDOWS\System32\SHELL32.dll
0x00007ffd7ac30000 - 0x00007ffd7b52f000 	C:\WINDOWS\SYSTEM32\windows.storage.dll
0x00007ffd7aaf0000 - 0x00007ffd7ac2f000 	C:\WINDOWS\SYSTEM32\wintypes.dll
0x00007ffd7e590000 - 0x00007ffd7e689000 	C:\WINDOWS\System32\SHCORE.dll
0x00007ffd7eac0000 - 0x00007ffd7eb1e000 	C:\WINDOWS\System32\shlwapi.dll
0x00007ffd7cc30000 - 0x00007ffd7cc57000 	C:\WINDOWS\SYSTEM32\profapi.dll
0x00007ffd72030000 - 0x00007ffd72049000 	C:\Program Files\Android\Android Studio\jbr\bin\net.dll
0x00007ffd75b10000 - 0x00007ffd75c46000 	C:\WINDOWS\SYSTEM32\WINHTTP.dll
0x00007ffd7c260000 - 0x00007ffd7c2c9000 	C:\WINDOWS\system32\mswsock.dll
0x00007ffd70bf0000 - 0x00007ffd70c06000 	C:\Program Files\Android\Android Studio\jbr\bin\nio.dll
0x00007ffd71f80000 - 0x00007ffd71f90000 	C:\Program Files\Android\Android Studio\jbr\bin\verify.dll

dbghelp: loaded successfully - version: 4.0.5 - missing functions: none
symbol engine: initialized successfully - sym options: 0x614 - pdb path: .;C:\Program Files\Android\Android Studio\jbr\bin;C:\WINDOWS\SYSTEM32;C:\WINDOWS\WinSxS\amd64_microsoft.windows.common-controls_6595b64144ccf1df_6.0.22621.3672_none_2713b9d173822955;C:\Program Files\Android\Android Studio\jbr\bin\server

VM Arguments:
java_command: org.jetbrains.kotlin.cli.jvm.K2JVMCompiler @C:\Users\ahmet\Documents\Android Studio Projects\TestJetpackComposeProject\app\build\20241027_15996750972358746524.compiler.options
java_class_path (initial): C:\Users\ahmet\.gradle\caches\modules-2\files-2.1\org.jetbrains.kotlin\kotlin-compiler-embeddable\1.9.0\2c8c3a7402becca891f12739b3e9fd2dc2adbd7a\kotlin-compiler-embeddable-1.9.0.jar;C:\Users\ahmet\.gradle\caches\modules-2\files-2.1\org.jetbrains.kotlin\kotlin-stdlib\1.9.0\8ee15ef0c67dc83d874f412d84378d7f0eb50b63\kotlin-stdlib-1.9.0.jar;C:\Users\ahmet\.gradle\caches\modules-2\files-2.1\org.jetbrains.kotlin\kotlin-script-runtime\1.9.0\4b3102cbbb7e1b58d9d1adf89563f00069ffa7d1\kotlin-script-runtime-1.9.0.jar;C:\Users\ahmet\.gradle\caches\modules-2\files-2.1\org.jetbrains.kotlin\kotlin-reflect\1.6.10\1cbe9c92c12a94eea200d23c2bbaedaf3daf5132\kotlin-reflect-1.6.10.jar;C:\Users\ahmet\.gradle\caches\modules-2\files-2.1\org.jetbrains.kotlin\kotlin-daemon-embeddable\1.9.0\186543f5e28cf8d9a0290fecc2cf34301c40a65c\kotlin-daemon-embeddable-1.9.0.jar;C:\Users\ahmet\.gradle\caches\modules-2\files-2.1\org.jetbrains.intellij.deps\trove4j\1.0.20200330\3afb14d5f9ceb459d724e907a21145e8ff394f02\trove4j-1.0.20200330.jar;C:\Users\ahmet\.gradle\caches\modules-2\files-2.1\org.jetbrains.kotlin\kotlin-stdlib-common\1.9.0\cd65c21cfd1eec4d44ef09f9f52b6d9f8a720636\kotlin-stdlib-common-1.9.0.jar;C:\Users\ahmet\.gradle\caches\modules-2\files-2.1\org.jetbrains\annotations\13.0\919f0dfe192fb4e063e7dacadee7f8bb9a2672a9\annotations-13.0.jar
Launcher Type: SUN_STANDARD

[Global flags]
     intx CICompilerCount                          = 4                                         {product} {ergonomic}
     uint ConcGCThreads                            = 2                                         {product} {ergonomic}
     uint G1ConcRefinementThreads                  = 8                                         {product} {ergonomic}
   size_t G1HeapRegionSize                         = 2097152                                   {product} {ergonomic}
    uintx GCDrainStackTargetSize                   = 64                                        {product} {ergonomic}
   size_t InitialHeapSize                          = 264241152                                 {product} {ergonomic}
   size_t MarkStackSize                            = 4194304                                   {product} {ergonomic}
   size_t MaxHeapSize                              = 4217372672                                {product} {ergonomic}
   size_t MaxNewSize                               = 2529165312                                {product} {ergonomic}
   size_t MinHeapDeltaBytes                        = 2097152                                   {product} {ergonomic}
   size_t MinHeapSize                              = 8388608                                   {product} {ergonomic}
    uintx NonNMethodCodeHeapSize                   = 5839372                                {pd product} {ergonomic}
    uintx NonProfiledCodeHeapSize                  = 122909434                              {pd product} {ergonomic}
    uintx ProfiledCodeHeapSize                     = 122909434                              {pd product} {ergonomic}
    uintx ReservedCodeCacheSize                    = 251658240                              {pd product} {ergonomic}
     bool SegmentedCodeCache                       = true                                      {product} {ergonomic}
   size_t SoftMaxHeapSize                          = 4217372672                             {manageable} {ergonomic}
     bool UseCompressedClassPointers               = true                           {product lp64_product} {ergonomic}
     bool UseCompressedOops                        = true                           {product lp64_product} {ergonomic}
     bool UseG1GC                                  = true                                      {product} {ergonomic}
     bool UseLargePagesIndividualAllocation        = false                                  {pd product} {ergonomic}

Logging:
Log output configuration:
 #0: stdout all=warning uptime,level,tags
 #1: stderr all=off uptime,level,tags

Environment Variables:
PATH=C:\Program Files\Common Files\Oracle\Java\javapath;C:\Program Files (x86)\Common Files\Oracle\Java\javapath;C:\Program Files (x86)\NVIDIA Corporation\PhysX\Common;C:\WINDOWS\system32;C:\WINDOWS;C:\WINDOWS\System32\Wbem;C:\WINDOWS\System32\WindowsPowerShell\v1.0\;C:\WINDOWS\System32\OpenSSH\;C:\Program Files (x86)\Microsoft SQL Server\150\DTS\Binn\;C:\Program Files\Azure Data Studio\bin;C:\Program Files\Microsoft SQL Server\Client SDK\ODBC\170\Tools\Binn\;C:\Program Files (x86)\Microsoft SQL Server\150\Tools\Binn\;C:\Program Files\Microsoft SQL Server\150\Tools\Binn\;C:\Program Files\Microsoft SQL Server\150\DTS\Binn\;C:\Program Files\nodejs\;C:\Program Files\Calibre2\;C:\Program Files\Git\cmd;C:\Program Files (x86)\Microsoft SQL Server\160\Tools\Binn\;C:\Program Files\Microsoft SQL Server\160\Tools\Binn\;C:\Program Files\Microsoft SQL Server\160\DTS\Binn\;C:\WINDOWS\system32;C:\WINDOWS;C:\WINDOWS\System32\Wbem;C:\WINDOWS\System32\WindowsPowerShell\v1.0\;C:\WINDOWS\System32\OpenSSH\;C:\Program Files\Microsoft SQL Server\130\Tools\Binn\;C:\Program Files\dotnet\;C:\Users\ahmet\AppData\Local\Programs\Python\Python312\Scripts\;C:\Users\ahmet\AppData\Local\Programs\Python\Python312\;C:\Users\ahmet\AppData\Local\Programs\Python\Launcher\;C:\Users\ahmet\AppData\Local\Microsoft\WindowsApps;C:\Program Files\Azure Data Studio\bin;C:\Users\ahmet\.dotnet\tools;C:\Users\ahmet\AppData\Local\Programs\Microsoft VS Code\bin;C:\Users\ahmet\AppData\Roaming\npm;C:\Users\ahmet\AppData\Local\GitHubDesktop\bin;C:\Program Files\JetBrains\IntelliJ IDEA Community Edition 2022.2.3\bin;C:\Users\ahmet\AppData\Local\Microsoft\WindowsApps;C:\Users\ahmet\.dotnet\tools
USERNAME=ahmet
OS=Windows_NT
PROCESSOR_IDENTIFIER=Intel64 Family 6 Model 140 Stepping 1, GenuineIntel
TMP=C:\Users\ahmet\AppData\Local\Temp
TEMP=C:\Users\ahmet\AppData\Local\Temp


JNI global refs:
JNI global refs: 13, weak refs: 7

JNI global refs memory usage: 843, weak refs: 841

OOME stack traces (most recent first):
Classloader memory used:
Loader jdk.internal.loader.ClassLoaders$AppClassLoader                                 : 7906K
Loader bootstrap                                                                       : 1430K
Loader java.net.URLClassLoader                                                         : 242K
Loader jdk.internal.reflect.DelegatingClassLoader                                      : 13842B


---------------  S Y S T E M  ---------------

OS:
 Windows 11 , 64 bit Build 22621 (10.0.22621.3958)
OS uptime: 14 days 16:03 hours
Hyper-V role detected

CPU: total 8 (initial active 8) (4 cores per cpu, 2 threads per core) family 6 model 140 stepping 1 microcode 0x8a, cx8, cmov, fxsr, ht, mmx, 3dnowpref, sse, sse2, sse3, ssse3, sse4.1, sse4.2, popcnt, lzcnt, tsc, tscinvbit, avx, avx2, aes, erms, clmul, bmi1, bmi2, adx, avx512f, avx512dq, avx512cd, avx512bw, avx512vl, sha, fma, vzeroupper, avx512_vpopcntdq, avx512_vpclmulqdq, avx512_vaes, avx512_vnni, clflush, clflushopt, clwb, avx512_vbmi2, avx512_vbmi, hv

Memory: 4k page, system-wide physical 16080M (632M free)
TotalPageFile size 20439M (AvailPageFile size 19M)
current process WorkingSet (physical memory assigned to process): 310M, peak: 310M
current process commit charge ("private bytes"): 346M, peak: 383M

vm_info: OpenJDK 64-Bit Server VM (17.0.7+0-b2043.56-10550314) for windows-amd64 JRE (17.0.7+0-b2043.56-10550314), built on Jul 24 2023 18:27:45 by "androidbuild" with MS VC++ 16.10 / 16.11 (VS2019)

END.
